"pkg-config --exists sqlite3"
| pkg-config --libs sqlite3
=> "-L/opt/homebrew/opt/sqlite/lib -lsqlite3\n"
"/usr/bin/gcc -fdeclspec -o conftest -I/Users/akitoy/.rbenv/versions/3.0.4/include/ruby-3.0.0/x86_64-darwin21 -I/Users/akitoy/.rbenv/versions/3.0.4/include/ruby-3.0.0/ruby/backward -I/Users/akitoy/.rbenv/versions/3.0.4/include/ruby-3.0.0 -I. -I/Users/akitoy/.rbenv/versions/3.0.4/include  -D_XOPEN_SOURCE -D_DARWIN_C_SOURCE -D_DARWIN_UNLIMITED_SELECT -D_REENTRANT   -O3 -ggdb3 -Wall -Wextra -Wdeprecated-declarations -Wdivision-by-zero -Wimplicit-function-declaration -Wimplicit-int -Wmisleading-indentation -Wpointer-arith -Wshorten-64-to-32 -Wwrite-strings -Wmissing-noreturn -Wno-cast-function-type -Wno-constant-logical-operand -Wno-long-long -Wno-missing-field-initializers -Wno-overlength-strings -Wno-parentheses-equality -Wno-self-assign -Wno-tautological-compare -Wno-unused-parameter -Wno-unused-value -Wunused-variable -Wextra-tokens  -fno-common -pipe conftest.c  -L. -L/Users/akitoy/.rbenv/versions/3.0.4/lib -L. -L/Users/akitoy/.rbenv/versions/3.0.4/lib  -fstack-protector-strong -L/usr/local/lib     -lruby.3.0   "
checked program was:
/* begin */
1: #include "ruby.h"
2: 
3: int main(int argc, char **argv)
4: {
5:   return !!argv[argc];
6: }
/* end */

"/usr/bin/gcc -fdeclspec -o conftest -I/Users/akitoy/.rbenv/versions/3.0.4/include/ruby-3.0.0/x86_64-darwin21 -I/Users/akitoy/.rbenv/versions/3.0.4/include/ruby-3.0.0/ruby/backward -I/Users/akitoy/.rbenv/versions/3.0.4/include/ruby-3.0.0 -I. -I/Users/akitoy/.rbenv/versions/3.0.4/include  -D_XOPEN_SOURCE -D_DARWIN_C_SOURCE -D_DARWIN_UNLIMITED_SELECT -D_REENTRANT   -O3 -ggdb3 -Wall -Wextra -Wdeprecated-declarations -Wdivision-by-zero -Wimplicit-function-declaration -Wimplicit-int -Wmisleading-indentation -Wpointer-arith -Wshorten-64-to-32 -Wwrite-strings -Wmissing-noreturn -Wno-cast-function-type -Wno-constant-logical-operand -Wno-long-long -Wno-missing-field-initializers -Wno-overlength-strings -Wno-parentheses-equality -Wno-self-assign -Wno-tautological-compare -Wno-unused-parameter -Wno-unused-value -Wunused-variable -Wextra-tokens  -fno-common -pipe conftest.c  -L. -L/Users/akitoy/.rbenv/versions/3.0.4/lib -L. -L/Users/akitoy/.rbenv/versions/3.0.4/lib  -fstack-protector-strong -L/usr/local/lib     -lruby.3.0 -L/opt/homebrew/opt/sqlite/lib -lsqlite3  "
ld: warning: ignoring file /opt/homebrew/opt/sqlite/lib/libsqlite3.dylib, building for macOS-x86_64 but attempting to link with file built for macOS-arm64
checked program was:
/* begin */
1: #include "ruby.h"
2: 
3: int main(int argc, char **argv)
4: {
5:   return !!argv[argc];
6: }
/* end */

| pkg-config --cflags-only-I sqlite3
=> "-I/opt/homebrew/opt/sqlite/include\n"
| pkg-config --cflags-only-other sqlite3
=> "\n"
| pkg-config --libs-only-l sqlite3
=> "-lsqlite3\n"
package configuration for sqlite3
incflags: -I/opt/homebrew/opt/sqlite/include
cflags: 
ldflags: -L/opt/homebrew/opt/sqlite/lib
libs: -lsqlite3

find_header: checking for sqlite3.h... -------------------- yes

"/usr/bin/gcc -E -I/Users/akitoy/.rbenv/versions/3.0.4/include/ruby-3.0.0/x86_64-darwin21 -I/Users/akitoy/.rbenv/versions/3.0.4/include/ruby-3.0.0/ruby/backward -I/Users/akitoy/.rbenv/versions/3.0.4/include/ruby-3.0.0 -I. -I/opt/homebrew/opt/sqlite/include -I/opt/homebrew/opt/sqlite/include -I/Users/akitoy/.rbenv/versions/3.0.4/include  -D_XOPEN_SOURCE -D_DARWIN_C_SOURCE -D_DARWIN_UNLIMITED_SELECT -D_REENTRANT   -O3 -ggdb3 -Wall -Wextra -Wdeprecated-declarations -Wdivision-by-zero -Wimplicit-function-declaration -Wimplicit-int -Wmisleading-indentation -Wpointer-arith -Wshorten-64-to-32 -Wwrite-strings -Wmissing-noreturn -Wno-cast-function-type -Wno-constant-logical-operand -Wno-long-long -Wno-missing-field-initializers -Wno-overlength-strings -Wno-parentheses-equality -Wno-self-assign -Wno-tautological-compare -Wno-unused-parameter -Wno-unused-value -Wunused-variable -Wextra-tokens  -fno-common -pipe   conftest.c -o conftest.i"
checked program was:
/* begin */
1: #include "ruby.h"
2: 
3: #include <sqlite3.h>
/* end */

--------------------

find_library: checking for pthread_create() in -lpthread... -------------------- yes

"/usr/bin/gcc -fdeclspec -o conftest -I/Users/akitoy/.rbenv/versions/3.0.4/include/ruby-3.0.0/x86_64-darwin21 -I/Users/akitoy/.rbenv/versions/3.0.4/include/ruby-3.0.0/ruby/backward -I/Users/akitoy/.rbenv/versions/3.0.4/include/ruby-3.0.0 -I. -I/opt/homebrew/opt/sqlite/include -I/opt/homebrew/opt/sqlite/include -I/Users/akitoy/.rbenv/versions/3.0.4/include  -D_XOPEN_SOURCE -D_DARWIN_C_SOURCE -D_DARWIN_UNLIMITED_SELECT -D_REENTRANT   -O3 -ggdb3 -Wall -Wextra -Wdeprecated-declarations -Wdivision-by-zero -Wimplicit-function-declaration -Wimplicit-int -Wmisleading-indentation -Wpointer-arith -Wshorten-64-to-32 -Wwrite-strings -Wmissing-noreturn -Wno-cast-function-type -Wno-constant-logical-operand -Wno-long-long -Wno-missing-field-initializers -Wno-overlength-strings -Wno-parentheses-equality -Wno-self-assign -Wno-tautological-compare -Wno-unused-parameter -Wno-unused-value -Wunused-variable -Wextra-tokens  -fno-common -pipe  conftest.c  -L. -L/Users/akitoy/.rbenv/versions/3.0.4/lib -L/opt/homebrew/opt/sqlite/lib -L. -L/Users/akitoy/.rbenv/versions/3.0.4/lib  -fstack-protector-strong -L/usr/local/lib -L/opt/homebrew/opt/sqlite/lib     -lsqlite3 -lruby.3.0 -lpthread  -lsqlite3  "
conftest.c:14:57: error: use of undeclared identifier 'pthread_create'
int t(void) { void ((*volatile p)()); p = (void ((*)()))pthread_create; return !p; }
                                                        ^
1 error generated.
checked program was:
/* begin */
 1: #include "ruby.h"
 2: 
 3: /*top*/
 4: extern int t(void);
 5: int main(int argc, char **argv)
 6: {
 7:   if (argc > 1000000) {
 8:     int (* volatile tp)(void)=(int (*)(void))&t;
 9:     printf("%d", (*tp)());
10:   }
11: 
12:   return !!argv[argc];
13: }
14: int t(void) { void ((*volatile p)()); p = (void ((*)()))pthread_create; return !p; }
/* end */

"/usr/bin/gcc -fdeclspec -o conftest -I/Users/akitoy/.rbenv/versions/3.0.4/include/ruby-3.0.0/x86_64-darwin21 -I/Users/akitoy/.rbenv/versions/3.0.4/include/ruby-3.0.0/ruby/backward -I/Users/akitoy/.rbenv/versions/3.0.4/include/ruby-3.0.0 -I. -I/opt/homebrew/opt/sqlite/include -I/opt/homebrew/opt/sqlite/include -I/Users/akitoy/.rbenv/versions/3.0.4/include  -D_XOPEN_SOURCE -D_DARWIN_C_SOURCE -D_DARWIN_UNLIMITED_SELECT -D_REENTRANT   -O3 -ggdb3 -Wall -Wextra -Wdeprecated-declarations -Wdivision-by-zero -Wimplicit-function-declaration -Wimplicit-int -Wmisleading-indentation -Wpointer-arith -Wshorten-64-to-32 -Wwrite-strings -Wmissing-noreturn -Wno-cast-function-type -Wno-constant-logical-operand -Wno-long-long -Wno-missing-field-initializers -Wno-overlength-strings -Wno-parentheses-equality -Wno-self-assign -Wno-tautological-compare -Wno-unused-parameter -Wno-unused-value -Wunused-variable -Wextra-tokens  -fno-common -pipe  conftest.c  -L. -L/Users/akitoy/.rbenv/versions/3.0.4/lib -L/opt/homebrew/opt/sqlite/lib -L. -L/Users/akitoy/.rbenv/versions/3.0.4/lib  -fstack-protector-strong -L/usr/local/lib -L/opt/homebrew/opt/sqlite/lib     -lsqlite3 -lruby.3.0 -lpthread  -lsqlite3  "
ld: warning: ignoring file /opt/homebrew/opt/sqlite/lib/libsqlite3.dylib, building for macOS-x86_64 but attempting to link with file built for macOS-arm64
checked program was:
/* begin */
 1: #include "ruby.h"
 2: 
 3: /*top*/
 4: extern int t(void);
 5: int main(int argc, char **argv)
 6: {
 7:   if (argc > 1000000) {
 8:     int (* volatile tp)(void)=(int (*)(void))&t;
 9:     printf("%d", (*tp)());
10:   }
11: 
12:   return !!argv[argc];
13: }
14: extern void pthread_create();
15: int t(void) { pthread_create(); return 0; }
/* end */

--------------------

have_library: checking for -ldl... -------------------- yes

"/usr/bin/gcc -fdeclspec -o conftest -I/Users/akitoy/.rbenv/versions/3.0.4/include/ruby-3.0.0/x86_64-darwin21 -I/Users/akitoy/.rbenv/versions/3.0.4/include/ruby-3.0.0/ruby/backward -I/Users/akitoy/.rbenv/versions/3.0.4/include/ruby-3.0.0 -I. -I/opt/homebrew/opt/sqlite/include -I/opt/homebrew/opt/sqlite/include -I/Users/akitoy/.rbenv/versions/3.0.4/include  -D_XOPEN_SOURCE -D_DARWIN_C_SOURCE -D_DARWIN_UNLIMITED_SELECT -D_REENTRANT   -O3 -ggdb3 -Wall -Wextra -Wdeprecated-declarations -Wdivision-by-zero -Wimplicit-function-declaration -Wimplicit-int -Wmisleading-indentation -Wpointer-arith -Wshorten-64-to-32 -Wwrite-strings -Wmissing-noreturn -Wno-cast-function-type -Wno-constant-logical-operand -Wno-long-long -Wno-missing-field-initializers -Wno-overlength-strings -Wno-parentheses-equality -Wno-self-assign -Wno-tautological-compare -Wno-unused-parameter -Wno-unused-value -Wunused-variable -Wextra-tokens  -fno-common -pipe  conftest.c  -L. -L/Users/akitoy/.rbenv/versions/3.0.4/lib -L/opt/homebrew/opt/sqlite/lib -L. -L/Users/akitoy/.rbenv/versions/3.0.4/lib  -fstack-protector-strong -L/usr/local/lib -L/opt/homebrew/opt/sqlite/lib    -lpthread  -lsqlite3 -lruby.3.0 -ldl -lpthread  -lsqlite3  "
ld: warning: ignoring file /opt/homebrew/opt/sqlite/lib/libsqlite3.dylib, building for macOS-x86_64 but attempting to link with file built for macOS-arm64
checked program was:
/* begin */
 1: #include "ruby.h"
 2: 
 3: /*top*/
 4: extern int t(void);
 5: int main(int argc, char **argv)
 6: {
 7:   if (argc > 1000000) {
 8:     int (* volatile tp)(void)=(int (*)(void))&t;
 9:     printf("%d", (*tp)());
10:   }
11: 
12:   return !!argv[argc];
13: }
14: 
15: int t(void) { ; return 0; }
/* end */

--------------------

find_library: checking for sqlite3_libversion_number() in -lsqlite3... -------------------- no

"/usr/bin/gcc -fdeclspec -o conftest -I/Users/akitoy/.rbenv/versions/3.0.4/include/ruby-3.0.0/x86_64-darwin21 -I/Users/akitoy/.rbenv/versions/3.0.4/include/ruby-3.0.0/ruby/backward -I/Users/akitoy/.rbenv/versions/3.0.4/include/ruby-3.0.0 -I. -I/opt/homebrew/opt/sqlite/include -I/opt/homebrew/opt/sqlite/include -I/Users/akitoy/.rbenv/versions/3.0.4/include  -D_XOPEN_SOURCE -D_DARWIN_C_SOURCE -D_DARWIN_UNLIMITED_SELECT -D_REENTRANT   -O3 -ggdb3 -Wall -Wextra -Wdeprecated-declarations -Wdivision-by-zero -Wimplicit-function-declaration -Wimplicit-int -Wmisleading-indentation -Wpointer-arith -Wshorten-64-to-32 -Wwrite-strings -Wmissing-noreturn -Wno-cast-function-type -Wno-constant-logical-operand -Wno-long-long -Wno-missing-field-initializers -Wno-overlength-strings -Wno-parentheses-equality -Wno-self-assign -Wno-tautological-compare -Wno-unused-parameter -Wno-unused-value -Wunused-variable -Wextra-tokens  -fno-common -pipe  conftest.c  -L. -L/Users/akitoy/.rbenv/versions/3.0.4/lib -L/opt/homebrew/opt/sqlite/lib -L. -L/Users/akitoy/.rbenv/versions/3.0.4/lib  -fstack-protector-strong -L/usr/local/lib -L/opt/homebrew/opt/sqlite/lib    -ldl -lpthread  -lsqlite3 -lruby.3.0 -lsqlite3 -ldl -lpthread  -lsqlite3  "
conftest.c:14:57: error: use of undeclared identifier 'sqlite3_libversion_number'
int t(void) { void ((*volatile p)()); p = (void ((*)()))sqlite3_libversion_number; return !p; }
                                                        ^
1 error generated.
checked program was:
/* begin */
 1: #include "ruby.h"
 2: 
 3: /*top*/
 4: extern int t(void);
 5: int main(int argc, char **argv)
 6: {
 7:   if (argc > 1000000) {
 8:     int (* volatile tp)(void)=(int (*)(void))&t;
 9:     printf("%d", (*tp)());
10:   }
11: 
12:   return !!argv[argc];
13: }
14: int t(void) { void ((*volatile p)()); p = (void ((*)()))sqlite3_libversion_number; return !p; }
/* end */

"/usr/bin/gcc -fdeclspec -o conftest -I/Users/akitoy/.rbenv/versions/3.0.4/include/ruby-3.0.0/x86_64-darwin21 -I/Users/akitoy/.rbenv/versions/3.0.4/include/ruby-3.0.0/ruby/backward -I/Users/akitoy/.rbenv/versions/3.0.4/include/ruby-3.0.0 -I. -I/opt/homebrew/opt/sqlite/include -I/opt/homebrew/opt/sqlite/include -I/Users/akitoy/.rbenv/versions/3.0.4/include  -D_XOPEN_SOURCE -D_DARWIN_C_SOURCE -D_DARWIN_UNLIMITED_SELECT -D_REENTRANT   -O3 -ggdb3 -Wall -Wextra -Wdeprecated-declarations -Wdivision-by-zero -Wimplicit-function-declaration -Wimplicit-int -Wmisleading-indentation -Wpointer-arith -Wshorten-64-to-32 -Wwrite-strings -Wmissing-noreturn -Wno-cast-function-type -Wno-constant-logical-operand -Wno-long-long -Wno-missing-field-initializers -Wno-overlength-strings -Wno-parentheses-equality -Wno-self-assign -Wno-tautological-compare -Wno-unused-parameter -Wno-unused-value -Wunused-variable -Wextra-tokens  -fno-common -pipe  conftest.c  -L. -L/Users/akitoy/.rbenv/versions/3.0.4/lib -L/opt/homebrew/opt/sqlite/lib -L. -L/Users/akitoy/.rbenv/versions/3.0.4/lib  -fstack-protector-strong -L/usr/local/lib -L/opt/homebrew/opt/sqlite/lib    -ldl -lpthread  -lsqlite3 -lruby.3.0 -lsqlite3 -ldl -lpthread  -lsqlite3  "
ld: warning: ignoring file /opt/homebrew/opt/sqlite/lib/libsqlite3.dylib, building for macOS-x86_64 but attempting to link with file built for macOS-arm64
Undefined symbols for architecture x86_64:
  "_sqlite3_libversion_number", referenced from:
      _t in conftest-47809c.o
ld: symbol(s) not found for architecture x86_64
clang: error: linker command failed with exit code 1 (use -v to see invocation)
checked program was:
/* begin */
 1: #include "ruby.h"
 2: 
 3: /*top*/
 4: extern int t(void);
 5: int main(int argc, char **argv)
 6: {
 7:   if (argc > 1000000) {
 8:     int (* volatile tp)(void)=(int (*)(void))&t;
 9:     printf("%d", (*tp)());
10:   }
11: 
12:   return !!argv[argc];
13: }
14: extern void sqlite3_libversion_number();
15: int t(void) { sqlite3_libversion_number(); return 0; }
/* end */

--------------------

