find_executable: checking for pg_config... -------------------- yes

--------------------

block in append_ldflags: checking for whether -Wl,-rpath,/opt/homebrew/opt/libpq/lib is accepted as LDFLAGS... -------------------- yes

"/usr/bin/gcc -fdeclspec -o conftest -I/Users/akitoy/.rbenv/versions/3.0.4/include/ruby-3.0.0/x86_64-darwin21 -I/Users/akitoy/.rbenv/versions/3.0.4/include/ruby-3.0.0/ruby/backward -I/Users/akitoy/.rbenv/versions/3.0.4/include/ruby-3.0.0 -I. -I/opt/homebrew/opt/libpq/include -I/Users/akitoy/.rbenv/versions/3.0.4/include  -D_XOPEN_SOURCE -D_DARWIN_C_SOURCE -D_DARWIN_UNLIMITED_SELECT -D_REENTRANT   -O3 -ggdb3 -Wall -Wextra -Wdeprecated-declarations -Wdivision-by-zero -Wimplicit-function-declaration -Wimplicit-int -Wmisleading-indentation -Wpointer-arith -Wshorten-64-to-32 -Wwrite-strings -Wmissing-noreturn -Wno-cast-function-type -Wno-constant-logical-operand -Wno-long-long -Wno-missing-field-initializers -Wno-overlength-strings -Wno-parentheses-equality -Wno-self-assign -Wno-tautological-compare -Wno-unused-parameter -Wno-unused-value -Wunused-variable -Wextra-tokens  -fno-common -pipe conftest.c  -L. -L/Users/akitoy/.rbenv/versions/3.0.4/lib -L/opt/homebrew/opt/libpq/lib -L. -L/Users/akitoy/.rbenv/versions/3.0.4/lib  -fstack-protector-strong -L/usr/local/lib     -lruby.3.0   "
checked program was:
/* begin */
1: #include "ruby.h"
2: 
3: int main(int argc, char **argv)
4: {
5:   return !!argv[argc];
6: }
/* end */

"/usr/bin/gcc -fdeclspec -o conftest -I/Users/akitoy/.rbenv/versions/3.0.4/include/ruby-3.0.0/x86_64-darwin21 -I/Users/akitoy/.rbenv/versions/3.0.4/include/ruby-3.0.0/ruby/backward -I/Users/akitoy/.rbenv/versions/3.0.4/include/ruby-3.0.0 -I. -I/opt/homebrew/opt/libpq/include -I/Users/akitoy/.rbenv/versions/3.0.4/include  -D_XOPEN_SOURCE -D_DARWIN_C_SOURCE -D_DARWIN_UNLIMITED_SELECT -D_REENTRANT   -O3 -ggdb3 -Wall -Wextra -Wdeprecated-declarations -Wdivision-by-zero -Wimplicit-function-declaration -Wimplicit-int -Wmisleading-indentation -Wpointer-arith -Wshorten-64-to-32 -Wwrite-strings -Wmissing-noreturn -Wno-cast-function-type -Wno-constant-logical-operand -Wno-long-long -Wno-missing-field-initializers -Wno-overlength-strings -Wno-parentheses-equality -Wno-self-assign -Wno-tautological-compare -Wno-unused-parameter -Wno-unused-value -Wunused-variable -Wextra-tokens  -fno-common -pipe conftest.c  -L. -L/Users/akitoy/.rbenv/versions/3.0.4/lib -L/opt/homebrew/opt/libpq/lib -L. -L/Users/akitoy/.rbenv/versions/3.0.4/lib  -fstack-protector-strong -L/usr/local/lib     -lruby.3.0 -Wl,-rpath,/opt/homebrew/opt/libpq/lib  "
checked program was:
/* begin */
1: #include "ruby.h"
2: 
3: int main(int argc, char **argv)
4: {
5:   return !!argv[argc];
6: }
/* end */

--------------------

find_header: checking for libpq-fe.h... -------------------- yes

"/usr/bin/gcc -E -I/Users/akitoy/.rbenv/versions/3.0.4/include/ruby-3.0.0/x86_64-darwin21 -I/Users/akitoy/.rbenv/versions/3.0.4/include/ruby-3.0.0/ruby/backward -I/Users/akitoy/.rbenv/versions/3.0.4/include/ruby-3.0.0 -I. -I/opt/homebrew/opt/libpq/include -I/Users/akitoy/.rbenv/versions/3.0.4/include  -D_XOPEN_SOURCE -D_DARWIN_C_SOURCE -D_DARWIN_UNLIMITED_SELECT -D_REENTRANT   -O3 -ggdb3 -Wall -Wextra -Wdeprecated-declarations -Wdivision-by-zero -Wimplicit-function-declaration -Wimplicit-int -Wmisleading-indentation -Wpointer-arith -Wshorten-64-to-32 -Wwrite-strings -Wmissing-noreturn -Wno-cast-function-type -Wno-constant-logical-operand -Wno-long-long -Wno-missing-field-initializers -Wno-overlength-strings -Wno-parentheses-equality -Wno-self-assign -Wno-tautological-compare -Wno-unused-parameter -Wno-unused-value -Wunused-variable -Wextra-tokens  -fno-common -pipe  conftest.c -o conftest.i"
checked program was:
/* begin */
1: #include "ruby.h"
2: 
3: #include <libpq-fe.h>
/* end */

--------------------

find_header: checking for libpq/libpq-fs.h... -------------------- yes

"/usr/bin/gcc -E -I/Users/akitoy/.rbenv/versions/3.0.4/include/ruby-3.0.0/x86_64-darwin21 -I/Users/akitoy/.rbenv/versions/3.0.4/include/ruby-3.0.0/ruby/backward -I/Users/akitoy/.rbenv/versions/3.0.4/include/ruby-3.0.0 -I. -I/opt/homebrew/opt/libpq/include -I/Users/akitoy/.rbenv/versions/3.0.4/include  -D_XOPEN_SOURCE -D_DARWIN_C_SOURCE -D_DARWIN_UNLIMITED_SELECT -D_REENTRANT   -O3 -ggdb3 -Wall -Wextra -Wdeprecated-declarations -Wdivision-by-zero -Wimplicit-function-declaration -Wimplicit-int -Wmisleading-indentation -Wpointer-arith -Wshorten-64-to-32 -Wwrite-strings -Wmissing-noreturn -Wno-cast-function-type -Wno-constant-logical-operand -Wno-long-long -Wno-missing-field-initializers -Wno-overlength-strings -Wno-parentheses-equality -Wno-self-assign -Wno-tautological-compare -Wno-unused-parameter -Wno-unused-value -Wunused-variable -Wextra-tokens  -fno-common -pipe  conftest.c -o conftest.i"
checked program was:
/* begin */
1: #include "ruby.h"
2: 
3: #include <libpq/libpq-fs.h>
/* end */

--------------------

find_header: checking for pg_config_manual.h... -------------------- yes

"/usr/bin/gcc -E -I/Users/akitoy/.rbenv/versions/3.0.4/include/ruby-3.0.0/x86_64-darwin21 -I/Users/akitoy/.rbenv/versions/3.0.4/include/ruby-3.0.0/ruby/backward -I/Users/akitoy/.rbenv/versions/3.0.4/include/ruby-3.0.0 -I. -I/opt/homebrew/opt/libpq/include -I/Users/akitoy/.rbenv/versions/3.0.4/include  -D_XOPEN_SOURCE -D_DARWIN_C_SOURCE -D_DARWIN_UNLIMITED_SELECT -D_REENTRANT   -O3 -ggdb3 -Wall -Wextra -Wdeprecated-declarations -Wdivision-by-zero -Wimplicit-function-declaration -Wimplicit-int -Wmisleading-indentation -Wpointer-arith -Wshorten-64-to-32 -Wwrite-strings -Wmissing-noreturn -Wno-cast-function-type -Wno-constant-logical-operand -Wno-long-long -Wno-missing-field-initializers -Wno-overlength-strings -Wno-parentheses-equality -Wno-self-assign -Wno-tautological-compare -Wno-unused-parameter -Wno-unused-value -Wunused-variable -Wextra-tokens  -fno-common -pipe  conftest.c -o conftest.i"
checked program was:
/* begin */
1: #include "ruby.h"
2: 
3: #include <pg_config_manual.h>
/* end */

--------------------

have_library: checking for PQconnectdb() in -lpq... -------------------- no

"/usr/bin/gcc -fdeclspec -o conftest -I/Users/akitoy/.rbenv/versions/3.0.4/include/ruby-3.0.0/x86_64-darwin21 -I/Users/akitoy/.rbenv/versions/3.0.4/include/ruby-3.0.0/ruby/backward -I/Users/akitoy/.rbenv/versions/3.0.4/include/ruby-3.0.0 -I. -I/opt/homebrew/opt/libpq/include -I/Users/akitoy/.rbenv/versions/3.0.4/include  -D_XOPEN_SOURCE -D_DARWIN_C_SOURCE -D_DARWIN_UNLIMITED_SELECT -D_REENTRANT   -O3 -ggdb3 -Wall -Wextra -Wdeprecated-declarations -Wdivision-by-zero -Wimplicit-function-declaration -Wimplicit-int -Wmisleading-indentation -Wpointer-arith -Wshorten-64-to-32 -Wwrite-strings -Wmissing-noreturn -Wno-cast-function-type -Wno-constant-logical-operand -Wno-long-long -Wno-missing-field-initializers -Wno-overlength-strings -Wno-parentheses-equality -Wno-self-assign -Wno-tautological-compare -Wno-unused-parameter -Wno-unused-value -Wunused-variable -Wextra-tokens  -fno-common -pipe conftest.c  -L. -L/Users/akitoy/.rbenv/versions/3.0.4/lib -L/opt/homebrew/opt/libpq/lib -L. -L/Users/akitoy/.rbenv/versions/3.0.4/lib  -fstack-protector-strong -L/usr/local/lib -Wl,-rpath,/opt/homebrew/opt/libpq/lib     -lruby.3.0 -lpq   "
ld: warning: ignoring file /opt/homebrew/opt/libpq/lib/libpq.dylib, building for macOS-x86_64 but attempting to link with file built for macOS-arm64
Undefined symbols for architecture x86_64:
  "_PQconnectdb", referenced from:
      _t in conftest-ee56bd.o
ld: symbol(s) not found for architecture x86_64
clang: error: linker command failed with exit code 1 (use -v to see invocation)
checked program was:
/* begin */
 1: #include "ruby.h"
 2: 
 3: #include <libpq-fe.h>
 4: 
 5: /*top*/
 6: extern int t(void);
 7: int main(int argc, char **argv)
 8: {
 9:   if (argc > 1000000) {
10:     int (* volatile tp)(void)=(int (*)(void))&t;
11:     printf("%d", (*tp)());
12:   }
13: 
14:   return !!argv[argc];
15: }
16: int t(void) { void ((*volatile p)()); p = (void ((*)()))PQconnectdb; return !p; }
/* end */

"/usr/bin/gcc -fdeclspec -o conftest -I/Users/akitoy/.rbenv/versions/3.0.4/include/ruby-3.0.0/x86_64-darwin21 -I/Users/akitoy/.rbenv/versions/3.0.4/include/ruby-3.0.0/ruby/backward -I/Users/akitoy/.rbenv/versions/3.0.4/include/ruby-3.0.0 -I. -I/opt/homebrew/opt/libpq/include -I/Users/akitoy/.rbenv/versions/3.0.4/include  -D_XOPEN_SOURCE -D_DARWIN_C_SOURCE -D_DARWIN_UNLIMITED_SELECT -D_REENTRANT   -O3 -ggdb3 -Wall -Wextra -Wdeprecated-declarations -Wdivision-by-zero -Wimplicit-function-declaration -Wimplicit-int -Wmisleading-indentation -Wpointer-arith -Wshorten-64-to-32 -Wwrite-strings -Wmissing-noreturn -Wno-cast-function-type -Wno-constant-logical-operand -Wno-long-long -Wno-missing-field-initializers -Wno-overlength-strings -Wno-parentheses-equality -Wno-self-assign -Wno-tautological-compare -Wno-unused-parameter -Wno-unused-value -Wunused-variable -Wextra-tokens  -fno-common -pipe conftest.c  -L. -L/Users/akitoy/.rbenv/versions/3.0.4/lib -L/opt/homebrew/opt/libpq/lib -L. -L/Users/akitoy/.rbenv/versions/3.0.4/lib  -fstack-protector-strong -L/usr/local/lib -Wl,-rpath,/opt/homebrew/opt/libpq/lib     -lruby.3.0 -lpq   "
conftest.c:16:13: warning: a function declaration without a prototype is deprecated in all versions of C and is not supported in C2x [-Wdeprecated-non-prototype]
extern void PQconnectdb();
            ^
conftest.c:16:13: error: conflicting types for 'PQconnectdb'
/opt/homebrew/opt/libpq/include/libpq-fe.h:287:16: note: previous declaration is here
extern PGconn *PQconnectdb(const char *conninfo);
               ^
conftest.c:17:27: error: too few arguments to function call, single argument 'conninfo' was not specified
int t(void) { PQconnectdb(); return 0; }
              ~~~~~~~~~~~ ^
/opt/homebrew/opt/libpq/include/libpq-fe.h:287:16: note: 'PQconnectdb' declared here
extern PGconn *PQconnectdb(const char *conninfo);
               ^
1 warning and 2 errors generated.
checked program was:
/* begin */
 1: #include "ruby.h"
 2: 
 3: #include <libpq-fe.h>
 4: 
 5: /*top*/
 6: extern int t(void);
 7: int main(int argc, char **argv)
 8: {
 9:   if (argc > 1000000) {
10:     int (* volatile tp)(void)=(int (*)(void))&t;
11:     printf("%d", (*tp)());
12:   }
13: 
14:   return !!argv[argc];
15: }
16: extern void PQconnectdb();
17: int t(void) { PQconnectdb(); return 0; }
/* end */

--------------------

have_library: checking for PQconnectdb() in -llibpq... -------------------- no

"/usr/bin/gcc -fdeclspec -o conftest -I/Users/akitoy/.rbenv/versions/3.0.4/include/ruby-3.0.0/x86_64-darwin21 -I/Users/akitoy/.rbenv/versions/3.0.4/include/ruby-3.0.0/ruby/backward -I/Users/akitoy/.rbenv/versions/3.0.4/include/ruby-3.0.0 -I. -I/opt/homebrew/opt/libpq/include -I/Users/akitoy/.rbenv/versions/3.0.4/include  -D_XOPEN_SOURCE -D_DARWIN_C_SOURCE -D_DARWIN_UNLIMITED_SELECT -D_REENTRANT   -O3 -ggdb3 -Wall -Wextra -Wdeprecated-declarations -Wdivision-by-zero -Wimplicit-function-declaration -Wimplicit-int -Wmisleading-indentation -Wpointer-arith -Wshorten-64-to-32 -Wwrite-strings -Wmissing-noreturn -Wno-cast-function-type -Wno-constant-logical-operand -Wno-long-long -Wno-missing-field-initializers -Wno-overlength-strings -Wno-parentheses-equality -Wno-self-assign -Wno-tautological-compare -Wno-unused-parameter -Wno-unused-value -Wunused-variable -Wextra-tokens  -fno-common -pipe conftest.c  -L. -L/Users/akitoy/.rbenv/versions/3.0.4/lib -L/opt/homebrew/opt/libpq/lib -L. -L/Users/akitoy/.rbenv/versions/3.0.4/lib  -fstack-protector-strong -L/usr/local/lib -Wl,-rpath,/opt/homebrew/opt/libpq/lib     -lruby.3.0 -llibpq   "
ld: library not found for -llibpq
clang: error: linker command failed with exit code 1 (use -v to see invocation)
checked program was:
/* begin */
 1: #include "ruby.h"
 2: 
 3: #include <libpq-fe.h>
 4: 
 5: /*top*/
 6: extern int t(void);
 7: int main(int argc, char **argv)
 8: {
 9:   if (argc > 1000000) {
10:     int (* volatile tp)(void)=(int (*)(void))&t;
11:     printf("%d", (*tp)());
12:   }
13: 
14:   return !!argv[argc];
15: }
16: int t(void) { void ((*volatile p)()); p = (void ((*)()))PQconnectdb; return !p; }
/* end */

"/usr/bin/gcc -fdeclspec -o conftest -I/Users/akitoy/.rbenv/versions/3.0.4/include/ruby-3.0.0/x86_64-darwin21 -I/Users/akitoy/.rbenv/versions/3.0.4/include/ruby-3.0.0/ruby/backward -I/Users/akitoy/.rbenv/versions/3.0.4/include/ruby-3.0.0 -I. -I/opt/homebrew/opt/libpq/include -I/Users/akitoy/.rbenv/versions/3.0.4/include  -D_XOPEN_SOURCE -D_DARWIN_C_SOURCE -D_DARWIN_UNLIMITED_SELECT -D_REENTRANT   -O3 -ggdb3 -Wall -Wextra -Wdeprecated-declarations -Wdivision-by-zero -Wimplicit-function-declaration -Wimplicit-int -Wmisleading-indentation -Wpointer-arith -Wshorten-64-to-32 -Wwrite-strings -Wmissing-noreturn -Wno-cast-function-type -Wno-constant-logical-operand -Wno-long-long -Wno-missing-field-initializers -Wno-overlength-strings -Wno-parentheses-equality -Wno-self-assign -Wno-tautological-compare -Wno-unused-parameter -Wno-unused-value -Wunused-variable -Wextra-tokens  -fno-common -pipe conftest.c  -L. -L/Users/akitoy/.rbenv/versions/3.0.4/lib -L/opt/homebrew/opt/libpq/lib -L. -L/Users/akitoy/.rbenv/versions/3.0.4/lib  -fstack-protector-strong -L/usr/local/lib -Wl,-rpath,/opt/homebrew/opt/libpq/lib     -lruby.3.0 -llibpq   "
conftest.c:16:13: warning: a function declaration without a prototype is deprecated in all versions of C and is not supported in C2x [-Wdeprecated-non-prototype]
extern void PQconnectdb();
            ^
conftest.c:16:13: error: conflicting types for 'PQconnectdb'
/opt/homebrew/opt/libpq/include/libpq-fe.h:287:16: note: previous declaration is here
extern PGconn *PQconnectdb(const char *conninfo);
               ^
conftest.c:17:27: error: too few arguments to function call, single argument 'conninfo' was not specified
int t(void) { PQconnectdb(); return 0; }
              ~~~~~~~~~~~ ^
/opt/homebrew/opt/libpq/include/libpq-fe.h:287:16: note: 'PQconnectdb' declared here
extern PGconn *PQconnectdb(const char *conninfo);
               ^
1 warning and 2 errors generated.
checked program was:
/* begin */
 1: #include "ruby.h"
 2: 
 3: #include <libpq-fe.h>
 4: 
 5: /*top*/
 6: extern int t(void);
 7: int main(int argc, char **argv)
 8: {
 9:   if (argc > 1000000) {
10:     int (* volatile tp)(void)=(int (*)(void))&t;
11:     printf("%d", (*tp)());
12:   }
13: 
14:   return !!argv[argc];
15: }
16: extern void PQconnectdb();
17: int t(void) { PQconnectdb(); return 0; }
/* end */

--------------------

have_library: checking for PQconnectdb() in -lms/libpq... -------------------- no

"/usr/bin/gcc -fdeclspec -o conftest -I/Users/akitoy/.rbenv/versions/3.0.4/include/ruby-3.0.0/x86_64-darwin21 -I/Users/akitoy/.rbenv/versions/3.0.4/include/ruby-3.0.0/ruby/backward -I/Users/akitoy/.rbenv/versions/3.0.4/include/ruby-3.0.0 -I. -I/opt/homebrew/opt/libpq/include -I/Users/akitoy/.rbenv/versions/3.0.4/include  -D_XOPEN_SOURCE -D_DARWIN_C_SOURCE -D_DARWIN_UNLIMITED_SELECT -D_REENTRANT   -O3 -ggdb3 -Wall -Wextra -Wdeprecated-declarations -Wdivision-by-zero -Wimplicit-function-declaration -Wimplicit-int -Wmisleading-indentation -Wpointer-arith -Wshorten-64-to-32 -Wwrite-strings -Wmissing-noreturn -Wno-cast-function-type -Wno-constant-logical-operand -Wno-long-long -Wno-missing-field-initializers -Wno-overlength-strings -Wno-parentheses-equality -Wno-self-assign -Wno-tautological-compare -Wno-unused-parameter -Wno-unused-value -Wunused-variable -Wextra-tokens  -fno-common -pipe conftest.c  -L. -L/Users/akitoy/.rbenv/versions/3.0.4/lib -L/opt/homebrew/opt/libpq/lib -L. -L/Users/akitoy/.rbenv/versions/3.0.4/lib  -fstack-protector-strong -L/usr/local/lib -Wl,-rpath,/opt/homebrew/opt/libpq/lib     -lruby.3.0 -lms/libpq   "
ld: library not found for -lms/libpq
clang: error: linker command failed with exit code 1 (use -v to see invocation)
checked program was:
/* begin */
 1: #include "ruby.h"
 2: 
 3: #include <libpq-fe.h>
 4: 
 5: /*top*/
 6: extern int t(void);
 7: int main(int argc, char **argv)
 8: {
 9:   if (argc > 1000000) {
10:     int (* volatile tp)(void)=(int (*)(void))&t;
11:     printf("%d", (*tp)());
12:   }
13: 
14:   return !!argv[argc];
15: }
16: int t(void) { void ((*volatile p)()); p = (void ((*)()))PQconnectdb; return !p; }
/* end */

"/usr/bin/gcc -fdeclspec -o conftest -I/Users/akitoy/.rbenv/versions/3.0.4/include/ruby-3.0.0/x86_64-darwin21 -I/Users/akitoy/.rbenv/versions/3.0.4/include/ruby-3.0.0/ruby/backward -I/Users/akitoy/.rbenv/versions/3.0.4/include/ruby-3.0.0 -I. -I/opt/homebrew/opt/libpq/include -I/Users/akitoy/.rbenv/versions/3.0.4/include  -D_XOPEN_SOURCE -D_DARWIN_C_SOURCE -D_DARWIN_UNLIMITED_SELECT -D_REENTRANT   -O3 -ggdb3 -Wall -Wextra -Wdeprecated-declarations -Wdivision-by-zero -Wimplicit-function-declaration -Wimplicit-int -Wmisleading-indentation -Wpointer-arith -Wshorten-64-to-32 -Wwrite-strings -Wmissing-noreturn -Wno-cast-function-type -Wno-constant-logical-operand -Wno-long-long -Wno-missing-field-initializers -Wno-overlength-strings -Wno-parentheses-equality -Wno-self-assign -Wno-tautological-compare -Wno-unused-parameter -Wno-unused-value -Wunused-variable -Wextra-tokens  -fno-common -pipe conftest.c  -L. -L/Users/akitoy/.rbenv/versions/3.0.4/lib -L/opt/homebrew/opt/libpq/lib -L. -L/Users/akitoy/.rbenv/versions/3.0.4/lib  -fstack-protector-strong -L/usr/local/lib -Wl,-rpath,/opt/homebrew/opt/libpq/lib     -lruby.3.0 -lms/libpq   "
conftest.c:16:13: warning: a function declaration without a prototype is deprecated in all versions of C and is not supported in C2x [-Wdeprecated-non-prototype]
extern void PQconnectdb();
            ^
conftest.c:16:13: error: conflicting types for 'PQconnectdb'
/opt/homebrew/opt/libpq/include/libpq-fe.h:287:16: note: previous declaration is here
extern PGconn *PQconnectdb(const char *conninfo);
               ^
conftest.c:17:27: error: too few arguments to function call, single argument 'conninfo' was not specified
int t(void) { PQconnectdb(); return 0; }
              ~~~~~~~~~~~ ^
/opt/homebrew/opt/libpq/include/libpq-fe.h:287:16: note: 'PQconnectdb' declared here
extern PGconn *PQconnectdb(const char *conninfo);
               ^
1 warning and 2 errors generated.
checked program was:
/* begin */
 1: #include "ruby.h"
 2: 
 3: #include <libpq-fe.h>
 4: 
 5: /*top*/
 6: extern int t(void);
 7: int main(int argc, char **argv)
 8: {
 9:   if (argc > 1000000) {
10:     int (* volatile tp)(void)=(int (*)(void))&t;
11:     printf("%d", (*tp)());
12:   }
13: 
14:   return !!argv[argc];
15: }
16: extern void PQconnectdb();
17: int t(void) { PQconnectdb(); return 0; }
/* end */

--------------------

